[debug] [2022-03-09T14:15:25.257Z] ----------------------------------------------------------------------
[debug] [2022-03-09T14:15:25.258Z] Command:       /opt/homebrew/Cellar/node/17.6.0/bin/node /opt/homebrew/bin/firebase deploy
[debug] [2022-03-09T14:15:25.258Z] CLI Version:   10.2.2
[debug] [2022-03-09T14:15:25.258Z] Platform:      darwin
[debug] [2022-03-09T14:15:25.258Z] Node Version:  v17.6.0
[debug] [2022-03-09T14:15:25.261Z] Time:          Wed Mar 09 2022 21:15:25 GMT+0700 (Indochina Time)
[debug] [2022-03-09T14:15:25.261Z] ----------------------------------------------------------------------
[debug] 
[debug] [2022-03-09T14:15:25.262Z] >>> [apiv2][query] GET https://firebase-public.firebaseio.com/cli.json [none]
[debug] [2022-03-09T14:15:25.300Z] > command requires scopes: ["email","openid","https://www.googleapis.com/auth/cloudplatformprojects.readonly","https://www.googleapis.com/auth/firebase","https://www.googleapis.com/auth/cloud-platform"]
[debug] [2022-03-09T14:15:25.300Z] > authorizing via signed-in user (psk.alphadev@gmail.com)
[debug] [2022-03-09T14:15:25.300Z] [iam] checking project hyde-heritage-9df6e for permissions ["firebase.projects.get","firebasehosting.sites.update"]
[debug] [2022-03-09T14:15:25.301Z] > refreshing access token with scopes: []
[debug] [2022-03-09T14:15:25.301Z] >>> HTTP REQUEST POST https://www.googleapis.com/oauth2/v3/token  
 <request body omitted>
[debug] [2022-03-09T14:15:25.706Z] <<< HTTP RESPONSE 200 {"pragma":"no-cache","expires":"Mon, 01 Jan 1990 00:00:00 GMT","date":"Wed, 09 Mar 2022 14:15:25 GMT","cache-control":"no-cache, no-store, max-age=0, must-revalidate","content-type":"application/json; charset=utf-8","vary":"X-Origin, Referer, Origin,Accept-Encoding","server":"scaffolding on HTTPServer2","x-xss-protection":"0","x-frame-options":"SAMEORIGIN","x-content-type-options":"nosniff","alt-svc":"h3=\":443\"; ma=2592000,h3-29=\":443\"; ma=2592000,h3-Q050=\":443\"; ma=2592000,h3-Q046=\":443\"; ma=2592000,h3-Q043=\":443\"; ma=2592000,quic=\":443\"; ma=2592000; v=\"46,43\"","accept-ranges":"none","transfer-encoding":"chunked"}
[debug] [2022-03-09T14:15:25.749Z] >>> [apiv2][query] POST https://cloudresourcemanager.googleapis.com/v1/projects/hyde-heritage-9df6e:testIamPermissions [none]
[debug] [2022-03-09T14:15:25.750Z] >>> [apiv2][body] POST https://cloudresourcemanager.googleapis.com/v1/projects/hyde-heritage-9df6e:testIamPermissions {"permissions":["firebase.projects.get","firebasehosting.sites.update"]}
[debug] [2022-03-09T14:15:26.336Z] <<< [apiv2][status] GET https://firebase-public.firebaseio.com/cli.json 200
[debug] [2022-03-09T14:15:26.336Z] <<< [apiv2][body] GET https://firebase-public.firebaseio.com/cli.json {"cloudBuildErrorAfter":1594252800000,"cloudBuildWarnAfter":1590019200000,"defaultNode10After":1594252800000,"minVersion":"3.0.5","node8DeploysDisabledAfter":1613390400000,"node8RuntimeDisabledAfter":1615809600000,"node8WarnAfter":1600128000000}
[debug] [2022-03-09T14:15:27.146Z] <<< [apiv2][status] POST https://cloudresourcemanager.googleapis.com/v1/projects/hyde-heritage-9df6e:testIamPermissions 200
[debug] [2022-03-09T14:15:27.146Z] <<< [apiv2][body] POST https://cloudresourcemanager.googleapis.com/v1/projects/hyde-heritage-9df6e:testIamPermissions {"permissions":["firebase.projects.get","firebasehosting.sites.update"]}
[debug] [2022-03-09T14:15:27.147Z] >>> [apiv2][query] GET https://firebase.googleapis.com/v1beta1/projects/hyde-heritage-9df6e [none]
[debug] [2022-03-09T14:15:27.824Z] <<< [apiv2][status] GET https://firebase.googleapis.com/v1beta1/projects/hyde-heritage-9df6e 200
[debug] [2022-03-09T14:15:27.825Z] <<< [apiv2][body] GET https://firebase.googleapis.com/v1beta1/projects/hyde-heritage-9df6e {"projectId":"hyde-heritage-9df6e","projectNumber":"716906153647","displayName":" Hyde Heritage ","name":"projects/hyde-heritage-9df6e","resources":{"hostingSite":"hyde-heritage-9df6e","storageBucket":"hyde-heritage-9df6e.appspot.com","locationId":"asia-southeast1"},"state":"ACTIVE"}
[info] 
[info] === Deploying to 'hyde-heritage-9df6e'...
[info] 
[info] i  deploying hosting 
[debug] [2022-03-09T14:15:27.828Z] >>> [apiv2][query] GET https://firebase.googleapis.com/v1beta1/projects/hyde-heritage-9df6e [none]
[debug] [2022-03-09T14:15:28.361Z] <<< [apiv2][status] GET https://firebase.googleapis.com/v1beta1/projects/hyde-heritage-9df6e 200
[debug] [2022-03-09T14:15:28.362Z] <<< [apiv2][body] GET https://firebase.googleapis.com/v1beta1/projects/hyde-heritage-9df6e {"projectId":"hyde-heritage-9df6e","projectNumber":"716906153647","displayName":" Hyde Heritage ","name":"projects/hyde-heritage-9df6e","resources":{"hostingSite":"hyde-heritage-9df6e","storageBucket":"hyde-heritage-9df6e.appspot.com","locationId":"asia-southeast1"},"state":"ACTIVE"}
[debug] [2022-03-09T14:15:28.365Z] >>> [apiv2][query] POST https://firebasehosting.googleapis.com/v1beta1/projects/716906153647/sites/hyde-heritage-9df6e/versions [none]
[debug] [2022-03-09T14:15:28.365Z] >>> [apiv2][body] POST https://firebasehosting.googleapis.com/v1beta1/projects/716906153647/sites/hyde-heritage-9df6e/versions {"config":{},"labels":{"deployment-tool":"cli-firebase"}}
[debug] [2022-03-09T14:15:30.225Z] <<< [apiv2][status] POST https://firebasehosting.googleapis.com/v1beta1/projects/716906153647/sites/hyde-heritage-9df6e/versions 200
[debug] [2022-03-09T14:15:30.225Z] <<< [apiv2][body] POST https://firebasehosting.googleapis.com/v1beta1/projects/716906153647/sites/hyde-heritage-9df6e/versions {"name":"projects/716906153647/sites/hyde-heritage-9df6e/versions/032828b719617c9b","status":"CREATED","config":{},"labels":{"deployment-tool":"cli-firebase"}}
[info] i  hosting[hyde-heritage-9df6e]: beginning deploy... 
[info] i  hosting[hyde-heritage-9df6e]: found 65 files in build 
[debug] [2022-03-09T14:15:32.082Z] [hosting] hash cache [YnVpbGQ] stored for 65 files
[debug] [2022-03-09T14:15:32.082Z] [hosting][hash queue][FINAL] {"max":1838,"min":28,"avg":82.47692307692307,"active":0,"complete":65,"success":65,"errored":0,"retried":0,"total":65,"elapsed":1842}
[debug] [2022-03-09T14:15:32.082Z] >>> [apiv2][query] POST https://firebasehosting.googleapis.com/v1beta1/projects/716906153647/sites/hyde-heritage-9df6e/versions/032828b719617c9b:populateFiles [none]
[debug] [2022-03-09T14:15:32.082Z] >>> [apiv2][body] POST https://firebasehosting.googleapis.com/v1beta1/projects/716906153647/sites/hyde-heritage-9df6e/versions/032828b719617c9b:populateFiles {"files":{"/asset-manifest.json":"7f714330d384a4b506ed546ed1d63030006d55680cc5d03dc2ee020235886b85","/favicon.ico":"b72f7455f00e4e58792d2bca892abb068e2213838c0316d6b7a0d6d16acd1955","/index.css":"7c39e6e65d2965651b4050129c448f1753c2576d07532d9ac24cf76292d9d2f5","/index.html":"1fee0b05d97778adee56d3ec1768cc889793ef9c4ef0f007a217812b6db231f3","/manifest.json":"12e470490c6ebfbf56d83732c966afd4e3c97c07bf1cacc0d199d764e9b31140","/logo192.png":"caff018b7f1e8fd481eb1c50d75b0ef236bcd5078b1d15c8bb348453fee30293","/robots.txt":"33e0e4c0ef29c9ada24e5d2bf4b238cee0f5e6bb9b34f2358e2feb2694e7d23f","/static/js/3.8b0080c2.chunk.js.LICENSE.txt":"93cee1399f92562718eaca372b19e30a1261b3451cb71091bc51da9adeee0367","/logo512.png":"191fc21360b4ccfb1cda11a1efb97f489ed22672ca83f4064316802bbfdd750e","/static/js/2.d23e2519.chunk.js.LICENSE.txt":"460fbbd13099b7c8875453d911e24214e332c777c3afbc96edaf83e03d672bcc","/static/js/4.b92b23f0.chunk.js":"9c309817c58b974c705e052f586462e909d7d9dad271831ade69736662dea46d","/static/js/4.b92b23f0.chunk.js.LICENSE.txt":"d3474c0fb05ee4215452f04ca1f57e0f2eff0b2e307982fd97bf585d74f9d877","/static/js/5.3ae23af1.chunk.js.LICENSE.txt":"eccc23dcc0eecfcbe965a4345d4b12e37e8c333a86548597890e215f72ff21da","/static/js/6.138d25b1.chunk.js":"6ea6d2a65eb0d6fa5f4305403136e70f7dfd353161947c53b5592a2eac4d6a87","/static/js/6.138d25b1.chunk.js.map":"f0fed3c6ec19db6e8344af3c179d505cacb1e7e3300b0c85373fe4c68d6dacc8","/static/media/announcement.6eab8c0e.svg":"e0eaa0342a6a43c8a2e0f49984b1229266a751a21e8f1729cff6c7ae43aae13a","/static/js/runtime-main.da9cbd48.js":"d78aa8ad9474c94dd77233eee8e4a4f8a03ac96a642766da548155892201edb2","/static/js/runtime-main.da9cbd48.js.map":"0897259cf1923886b97b3df315df117a73522d51b521f6dcf3d5e1b697954367","/static/media/bell.f9449239.svg":"7fafb959d83fb30686efd5852a81af982df52f52e0f8e98bfc44aaec735a9a61","/static/media/dxicons.e4acc9c2.woff2":"817a3d51039ba66ef27c2010d74a1d8328bee6022de9405c5880ea9bf296d22b","/static/media/edit.32c9bdd0.svg":"0d0b81552ad45e94801e7c67be87d478bea7adb7e93d8a2e2e413f10a9743607","/static/media/clock.779d6bc5.svg":"02dae45c8c3d6aed32bcff0dca046d0c6dc9ca76518ef34f7508763f86d8fc3c","/static/media/group.ae580d14.svg":"df5d0dd68a7dd24cae72d261375a5890f4e8acea88d4ed02484e229157c9c227","/static/media/edit.a7d933aa.svg":"6682a22a7ffb61f6915ab60c4547f00b077a0c8d6c5e3e0dec3c0b950fcb5082","/static/media/facilities.09bf377a.svg":"0d6b1b172c6a6aa29a4fcb3c1dbe814845b54aa4aa8c3a970fbf00f906fef8ed","/static/media/hyde-logo.10222cd0.svg":"a3101dbda9cdf1b46e640928493f62914855a87306e258b2a1b12f68e74a3ab4","/static/media/img.4eea0311.svg":"9fc62f6012b8fed8d7a59cdfe449649173ac39d8b9309d7a63f24ca55d76e6ea","/static/media/high.8ab9d9e5.svg":"1e4cd77ff5bf13e8d224c48f55420b084fd4ec0a74059fb5c82de8978b02de08","/static/media/image.5c156d3b.svg":"aefeb995a30d2a82c5eebf132c2fa1eb95005c4c7b80a93c96d97c20ae3fdc86","/static/media/hyde_2.bf9a85f2.svg":"ce55649e800c8f3a9893820b4584a56d143e41eb2d3f37b50940dfe071798a8e","/static/media/hyde-logo.9ad7a1da.svg":"708f00ded9b95e075d1bbbdd75f56518252d5089f35aefdcda6e815b3d030d1d","/static/media/dxicons.d5288d8f.woff":"e39cee74813d8e7c1ddd5d046befb371200e9d986308ae9b4a09629b0436733e","/static/media/dxicons.4d3cea0a.ttf":"b4a08c25fb458873189e881546cf941c7f6de8d52bf316450a4b514a6417c32a","/static/js/4.b92b23f0.chunk.js.map":"79eddde923d4025cc43552707bc1e703e98eb83426270e79ac91271d243711fb","/static/media/SukhumvitSet-Text.1012e8c0.ttf":"cd338823c3a91a0a47b38596290fd94fd1b475bd0fc7ac89b121335a1f013afc","/static/media/logout.0d2cb9f1.svg":"17b29f5ee79c3f91645fc2cc7a102a517054c919bb25c946f1f008bccac39001","/static/media/low.90b65822.svg":"e8cd9ff642c77075b80e0f42afabb3900bdc65ae26ea08a5e21a7567e767818c","/static/media/medium.199c8f99.svg":"3494d8ddd278fdf53ac1a7034775695927c58d58899e15ba3bd36d3fd4382266","/static/media/nearby.ec0f7249.svg":"7c2146db330d33765456ec1567773c98b96f040eedfe95cd486b560bd4c58e0a","/static/media/payment.93fca881.svg":"553bcdac2b29c1c840783d30ae44ff331d257ff65ffa5136247d8ca0c5733108","/static/media/password.d796b65e.svg":"dfb5b77846bc0e9dc16f859f31ee89e803d926fb0a8670639068ff3391fca598","/static/media/logoArtani-black.97fbf7b9.png":"f09ee887776dee41d86c44a67aff51d0467cda4bec90f78079de14168f47a4a7","/static/media/people.1c2d7b3e.svg":"1f5b519f21ef5af4e7699e060844514c55a3ed4f898375e14e4d2528dc79ae15","/static/media/menu-logo.a69577ee.svg":"605c9f38eaf71ec6575c69c32e32dc47d23bb0252dc8a7cfc2e9d606b473b722","/static/media/pie.0d0b5ff7.svg":"15f5afc786c98828ede0f026354464c7fdd1e89ee749ccea31851885205743d3","/static/media/qr.5fb338d4.svg":"f20cbbf127d712912e6c003136bfa9af10ae3955966d3894eb39d2878a7d0c51","/static/media/service.352f0836.svg":"d63c838cab6601e9586cd29858d31803eeb5d0bf12be3ddaa1f3f4c9259d42c0","/static/media/success.ba0ae497.svg":"25bf6b2f748b466b5a81aa0144c26d097d1cc1b671b476117529e05af5071beb","/static/media/trash-2.4b74d59d.svg":"548e34230c8873d6239c4787b97e6c5c2130b621513021425052b0e9a1861acf","/static/media/trash.c0ecffeb.svg":"5fe01a0fb833a9a922a1515bb6a9f5784a8f8c73719224a0929454190d3cfcab","/static/media/user.4c21ccef.svg":"20374a7c2a89f92929b925e856fdb38c85951ecfb66f5db422e4010ff01a2d4d","/static/js/3.8b0080c2.chunk.js":"622ae1028d164bb0da8c01e1d695b11c9678f2765125ff88a06ce040a1470dab","/static/js/5.3ae23af1.chunk.js":"259253147c0c5614913e5d58988d36d6fb3a2504a85e7fe1971ca4c4a1b39dfe","/static/js/main.af97b1e4.chunk.js":"873606aceb0d0bf7845a65e814a9bd317a6617fb1cc2acbc8de7b7c112faeee8","/static/js/3.8b0080c2.chunk.js.map":"89066e41c6076bd9fd9d8da99fe50a882b1f5d54403c5cae06d42f945243a310","/static/css/main.ea356dfc.chunk.css":"c73e31b4aacbfdd59c836b706c9eea4b91c8975359d58bbc1912cd562bb11b02","/static/css/2.7bcb4eb3.chunk.css":"5633fca7110c8b5448fbb9328dea14fdddee8d642f8eb4a0ecb7aa764b7e037d","/static/media/bill.80088595.jpg":"23fcb4e5fa64b80e12c6438e102f4bcb7c652a50cb2bb69b91e107213ca59ef6","/static/js/main.af97b1e4.chunk.js.map":"5ba964a8a6d6c1352a255558b23e3dae1a8ee169536c936b9614c64985aac147","/static/js/5.3ae23af1.chunk.js.map":"38276500a301f9adae2847b0c0764ae97a3575a17374b6e3083ea37f9fe25e4a","/static/css/2.7bcb4eb3.chunk.css.map":"3667b5173191b6967ec960df8418682d450fa742e44a48d80dd781d8890cc8a3","/static/media/hyde_building2.42d758bb.png":"213c0ab0af0dba092b57ccd643dad05428dcdfad3bcdf19767f4c272251ebbe0","/static/css/main.ea356dfc.chunk.css.map":"51c8998e73499055d5a2df0bbda4e405e1e20cb7abb48f865560738d52369e2d","/static/js/2.d23e2519.chunk.js":"16a35e691839c6890ba2e0911e206d3d4d092bb91859c405f38770c73e362b7d","/static/js/2.d23e2519.chunk.js.map":"68d191689767589cb4d16ef84c0c18e5e051f20f469633b83769908ce3752568"}}
[debug] [2022-03-09T14:15:32.867Z] <<< [apiv2][status] POST https://firebasehosting.googleapis.com/v1beta1/projects/716906153647/sites/hyde-heritage-9df6e/versions/032828b719617c9b:populateFiles 200
[debug] [2022-03-09T14:15:32.867Z] <<< [apiv2][body] POST https://firebasehosting.googleapis.com/v1beta1/projects/716906153647/sites/hyde-heritage-9df6e/versions/032828b719617c9b:populateFiles {"uploadRequiredHashes":["d3474c0fb05ee4215452f04ca1f57e0f2eff0b2e307982fd97bf585d74f9d877","51c8998e73499055d5a2df0bbda4e405e1e20cb7abb48f865560738d52369e2d","68d191689767589cb4d16ef84c0c18e5e051f20f469633b83769908ce3752568","5ba964a8a6d6c1352a255558b23e3dae1a8ee169536c936b9614c64985aac147","9c309817c58b974c705e052f586462e909d7d9dad271831ade69736662dea46d","16a35e691839c6890ba2e0911e206d3d4d092bb91859c405f38770c73e362b7d","23fcb4e5fa64b80e12c6438e102f4bcb7c652a50cb2bb69b91e107213ca59ef6","873606aceb0d0bf7845a65e814a9bd317a6617fb1cc2acbc8de7b7c112faeee8","1fee0b05d97778adee56d3ec1768cc889793ef9c4ef0f007a217812b6db231f3","f09ee887776dee41d86c44a67aff51d0467cda4bec90f78079de14168f47a4a7","f0fed3c6ec19db6e8344af3c179d505cacb1e7e3300b0c85373fe4c68d6dacc8","7f714330d384a4b506ed546ed1d63030006d55680cc5d03dc2ee020235886b85","a3101dbda9cdf1b46e640928493f62914855a87306e258b2a1b12f68e74a3ab4","93cee1399f92562718eaca372b19e30a1261b3451cb71091bc51da9adeee0367","553bcdac2b29c1c840783d30ae44ff331d257ff65ffa5136247d8ca0c5733108","d78aa8ad9474c94dd77233eee8e4a4f8a03ac96a642766da548155892201edb2","259253147c0c5614913e5d58988d36d6fb3a2504a85e7fe1971ca4c4a1b39dfe","622ae1028d164bb0da8c01e1d695b11c9678f2765125ff88a06ce040a1470dab","79eddde923d4025cc43552707bc1e703e98eb83426270e79ac91271d243711fb","460fbbd13099b7c8875453d911e24214e332c777c3afbc96edaf83e03d672bcc","0897259cf1923886b97b3df315df117a73522d51b521f6dcf3d5e1b697954367","eccc23dcc0eecfcbe965a4345d4b12e37e8c333a86548597890e215f72ff21da","c73e31b4aacbfdd59c836b706c9eea4b91c8975359d58bbc1912cd562bb11b02","38276500a301f9adae2847b0c0764ae97a3575a17374b6e3083ea37f9fe25e4a","89066e41c6076bd9fd9d8da99fe50a882b1f5d54403c5cae06d42f945243a310","6ea6d2a65eb0d6fa5f4305403136e70f7dfd353161947c53b5592a2eac4d6a87"],"uploadUrl":"https://upload-firebasehosting.googleapis.com/upload/sites/hyde-heritage-9df6e/versions/032828b719617c9b/files"}
[debug] [2022-03-09T14:15:32.873Z] >>> [apiv2][query] POST https://upload-firebasehosting.googleapis.com/upload/sites/hyde-heritage-9df6e/versions/032828b719617c9b/files/d3474c0fb05ee4215452f04ca1f57e0f2eff0b2e307982fd97bf585d74f9d877 [none]
[debug] [2022-03-09T14:15:32.874Z] >>> [apiv2][body] POST https://upload-firebasehosting.googleapis.com/upload/sites/hyde-heritage-9df6e/versions/032828b719617c9b/files/d3474c0fb05ee4215452f04ca1f57e0f2eff0b2e307982fd97bf585d74f9d877 [stream]
[debug] [2022-03-09T14:15:32.876Z] >>> [apiv2][query] POST https://upload-firebasehosting.googleapis.com/upload/sites/hyde-heritage-9df6e/versions/032828b719617c9b/files/51c8998e73499055d5a2df0bbda4e405e1e20cb7abb48f865560738d52369e2d [none]
[debug] [2022-03-09T14:15:32.876Z] >>> [apiv2][body] POST https://upload-firebasehosting.googleapis.com/upload/sites/hyde-heritage-9df6e/versions/032828b719617c9b/files/51c8998e73499055d5a2df0bbda4e405e1e20cb7abb48f865560738d52369e2d [stream]
[debug] [2022-03-09T14:15:32.878Z] >>> [apiv2][query] POST https://upload-firebasehosting.googleapis.com/upload/sites/hyde-heritage-9df6e/versions/032828b719617c9b/files/68d191689767589cb4d16ef84c0c18e5e051f20f469633b83769908ce3752568 [none]
[debug] [2022-03-09T14:15:32.878Z] >>> [apiv2][body] POST https://upload-firebasehosting.googleapis.com/upload/sites/hyde-heritage-9df6e/versions/032828b719617c9b/files/68d191689767589cb4d16ef84c0c18e5e051f20f469633b83769908ce3752568 [stream]
[debug] [2022-03-09T14:15:32.879Z] >>> [apiv2][query] POST https://upload-firebasehosting.googleapis.com/upload/sites/hyde-heritage-9df6e/versions/032828b719617c9b/files/5ba964a8a6d6c1352a255558b23e3dae1a8ee169536c936b9614c64985aac147 [none]
[debug] [2022-03-09T14:15:32.879Z] >>> [apiv2][body] POST https://upload-firebasehosting.googleapis.com/upload/sites/hyde-heritage-9df6e/versions/032828b719617c9b/files/5ba964a8a6d6c1352a255558b23e3dae1a8ee169536c936b9614c64985aac147 [stream]
[debug] [2022-03-09T14:15:32.881Z] >>> [apiv2][query] POST https://upload-firebasehosting.googleapis.com/upload/sites/hyde-heritage-9df6e/versions/032828b719617c9b/files/9c309817c58b974c705e052f586462e909d7d9dad271831ade69736662dea46d [none]
[debug] [2022-03-09T14:15:32.881Z] >>> [apiv2][body] POST https://upload-firebasehosting.googleapis.com/upload/sites/hyde-heritage-9df6e/versions/032828b719617c9b/files/9c309817c58b974c705e052f586462e909d7d9dad271831ade69736662dea46d [stream]
[debug] [2022-03-09T14:15:32.882Z] >>> [apiv2][query] POST https://upload-firebasehosting.googleapis.com/upload/sites/hyde-heritage-9df6e/versions/032828b719617c9b/files/16a35e691839c6890ba2e0911e206d3d4d092bb91859c405f38770c73e362b7d [none]
[debug] [2022-03-09T14:15:32.882Z] >>> [apiv2][body] POST https://upload-firebasehosting.googleapis.com/upload/sites/hyde-heritage-9df6e/versions/032828b719617c9b/files/16a35e691839c6890ba2e0911e206d3d4d092bb91859c405f38770c73e362b7d [stream]
[debug] [2022-03-09T14:15:32.885Z] >>> [apiv2][query] POST https://upload-firebasehosting.googleapis.com/upload/sites/hyde-heritage-9df6e/versions/032828b719617c9b/files/23fcb4e5fa64b80e12c6438e102f4bcb7c652a50cb2bb69b91e107213ca59ef6 [none]
[debug] [2022-03-09T14:15:32.885Z] >>> [apiv2][body] POST https://upload-firebasehosting.googleapis.com/upload/sites/hyde-heritage-9df6e/versions/032828b719617c9b/files/23fcb4e5fa64b80e12c6438e102f4bcb7c652a50cb2bb69b91e107213ca59ef6 [stream]
[debug] [2022-03-09T14:15:32.886Z] >>> [apiv2][query] POST https://upload-firebasehosting.googleapis.com/upload/sites/hyde-heritage-9df6e/versions/032828b719617c9b/files/873606aceb0d0bf7845a65e814a9bd317a6617fb1cc2acbc8de7b7c112faeee8 [none]
[debug] [2022-03-09T14:15:32.886Z] >>> [apiv2][body] POST https://upload-firebasehosting.googleapis.com/upload/sites/hyde-heritage-9df6e/versions/032828b719617c9b/files/873606aceb0d0bf7845a65e814a9bd317a6617fb1cc2acbc8de7b7c112faeee8 [stream]
[debug] [2022-03-09T14:15:32.887Z] >>> [apiv2][query] POST https://upload-firebasehosting.googleapis.com/upload/sites/hyde-heritage-9df6e/versions/032828b719617c9b/files/1fee0b05d97778adee56d3ec1768cc889793ef9c4ef0f007a217812b6db231f3 [none]
[debug] [2022-03-09T14:15:32.887Z] >>> [apiv2][body] POST https://upload-firebasehosting.googleapis.com/upload/sites/hyde-heritage-9df6e/versions/032828b719617c9b/files/1fee0b05d97778adee56d3ec1768cc889793ef9c4ef0f007a217812b6db231f3 [stream]
[debug] [2022-03-09T14:15:32.888Z] >>> [apiv2][query] POST https://upload-firebasehosting.googleapis.com/upload/sites/hyde-heritage-9df6e/versions/032828b719617c9b/files/f09ee887776dee41d86c44a67aff51d0467cda4bec90f78079de14168f47a4a7 [none]
[debug] [2022-03-09T14:15:32.888Z] >>> [apiv2][body] POST https://upload-firebasehosting.googleapis.com/upload/sites/hyde-heritage-9df6e/versions/032828b719617c9b/files/f09ee887776dee41d86c44a67aff51d0467cda4bec90f78079de14168f47a4a7 [stream]
[debug] [2022-03-09T14:15:32.889Z] >>> [apiv2][query] POST https://upload-firebasehosting.googleapis.com/upload/sites/hyde-heritage-9df6e/versions/032828b719617c9b/files/f0fed3c6ec19db6e8344af3c179d505cacb1e7e3300b0c85373fe4c68d6dacc8 [none]
[debug] [2022-03-09T14:15:32.889Z] >>> [apiv2][body] POST https://upload-firebasehosting.googleapis.com/upload/sites/hyde-heritage-9df6e/versions/032828b719617c9b/files/f0fed3c6ec19db6e8344af3c179d505cacb1e7e3300b0c85373fe4c68d6dacc8 [stream]
[debug] [2022-03-09T14:15:32.890Z] >>> [apiv2][query] POST https://upload-firebasehosting.googleapis.com/upload/sites/hyde-heritage-9df6e/versions/032828b719617c9b/files/7f714330d384a4b506ed546ed1d63030006d55680cc5d03dc2ee020235886b85 [none]
[debug] [2022-03-09T14:15:32.890Z] >>> [apiv2][body] POST https://upload-firebasehosting.googleapis.com/upload/sites/hyde-heritage-9df6e/versions/032828b719617c9b/files/7f714330d384a4b506ed546ed1d63030006d55680cc5d03dc2ee020235886b85 [stream]
[debug] [2022-03-09T14:15:32.891Z] >>> [apiv2][query] POST https://upload-firebasehosting.googleapis.com/upload/sites/hyde-heritage-9df6e/versions/032828b719617c9b/files/a3101dbda9cdf1b46e640928493f62914855a87306e258b2a1b12f68e74a3ab4 [none]
[debug] [2022-03-09T14:15:32.891Z] >>> [apiv2][body] POST https://upload-firebasehosting.googleapis.com/upload/sites/hyde-heritage-9df6e/versions/032828b719617c9b/files/a3101dbda9cdf1b46e640928493f62914855a87306e258b2a1b12f68e74a3ab4 [stream]
[debug] [2022-03-09T14:15:32.891Z] >>> [apiv2][query] POST https://upload-firebasehosting.googleapis.com/upload/sites/hyde-heritage-9df6e/versions/032828b719617c9b/files/93cee1399f92562718eaca372b19e30a1261b3451cb71091bc51da9adeee0367 [none]
[debug] [2022-03-09T14:15:32.892Z] >>> [apiv2][body] POST https://upload-firebasehosting.googleapis.com/upload/sites/hyde-heritage-9df6e/versions/032828b719617c9b/files/93cee1399f92562718eaca372b19e30a1261b3451cb71091bc51da9adeee0367 [stream]
[debug] [2022-03-09T14:15:32.892Z] >>> [apiv2][query] POST https://upload-firebasehosting.googleapis.com/upload/sites/hyde-heritage-9df6e/versions/032828b719617c9b/files/553bcdac2b29c1c840783d30ae44ff331d257ff65ffa5136247d8ca0c5733108 [none]
[debug] [2022-03-09T14:15:32.892Z] >>> [apiv2][body] POST https://upload-firebasehosting.googleapis.com/upload/sites/hyde-heritage-9df6e/versions/032828b719617c9b/files/553bcdac2b29c1c840783d30ae44ff331d257ff65ffa5136247d8ca0c5733108 [stream]
[debug] [2022-03-09T14:15:32.893Z] >>> [apiv2][query] POST https://upload-firebasehosting.googleapis.com/upload/sites/hyde-heritage-9df6e/versions/032828b719617c9b/files/d78aa8ad9474c94dd77233eee8e4a4f8a03ac96a642766da548155892201edb2 [none]
[debug] [2022-03-09T14:15:32.893Z] >>> [apiv2][body] POST https://upload-firebasehosting.googleapis.com/upload/sites/hyde-heritage-9df6e/versions/032828b719617c9b/files/d78aa8ad9474c94dd77233eee8e4a4f8a03ac96a642766da548155892201edb2 [stream]
[debug] [2022-03-09T14:15:32.894Z] >>> [apiv2][query] POST https://upload-firebasehosting.googleapis.com/upload/sites/hyde-heritage-9df6e/versions/032828b719617c9b/files/259253147c0c5614913e5d58988d36d6fb3a2504a85e7fe1971ca4c4a1b39dfe [none]
[debug] [2022-03-09T14:15:32.894Z] >>> [apiv2][body] POST https://upload-firebasehosting.googleapis.com/upload/sites/hyde-heritage-9df6e/versions/032828b719617c9b/files/259253147c0c5614913e5d58988d36d6fb3a2504a85e7fe1971ca4c4a1b39dfe [stream]
[debug] [2022-03-09T14:15:32.894Z] >>> [apiv2][query] POST https://upload-firebasehosting.googleapis.com/upload/sites/hyde-heritage-9df6e/versions/032828b719617c9b/files/622ae1028d164bb0da8c01e1d695b11c9678f2765125ff88a06ce040a1470dab [none]
[debug] [2022-03-09T14:15:32.894Z] >>> [apiv2][body] POST https://upload-firebasehosting.googleapis.com/upload/sites/hyde-heritage-9df6e/versions/032828b719617c9b/files/622ae1028d164bb0da8c01e1d695b11c9678f2765125ff88a06ce040a1470dab [stream]
[debug] [2022-03-09T14:15:32.895Z] >>> [apiv2][query] POST https://upload-firebasehosting.googleapis.com/upload/sites/hyde-heritage-9df6e/versions/032828b719617c9b/files/79eddde923d4025cc43552707bc1e703e98eb83426270e79ac91271d243711fb [none]
[debug] [2022-03-09T14:15:32.895Z] >>> [apiv2][body] POST https://upload-firebasehosting.googleapis.com/upload/sites/hyde-heritage-9df6e/versions/032828b719617c9b/files/79eddde923d4025cc43552707bc1e703e98eb83426270e79ac91271d243711fb [stream]
[debug] [2022-03-09T14:15:32.896Z] >>> [apiv2][query] POST https://upload-firebasehosting.googleapis.com/upload/sites/hyde-heritage-9df6e/versions/032828b719617c9b/files/460fbbd13099b7c8875453d911e24214e332c777c3afbc96edaf83e03d672bcc [none]
[debug] [2022-03-09T14:15:32.896Z] >>> [apiv2][body] POST https://upload-firebasehosting.googleapis.com/upload/sites/hyde-heritage-9df6e/versions/032828b719617c9b/files/460fbbd13099b7c8875453d911e24214e332c777c3afbc96edaf83e03d672bcc [stream]
[debug] [2022-03-09T14:15:32.896Z] >>> [apiv2][query] POST https://upload-firebasehosting.googleapis.com/upload/sites/hyde-heritage-9df6e/versions/032828b719617c9b/files/0897259cf1923886b97b3df315df117a73522d51b521f6dcf3d5e1b697954367 [none]
[debug] [2022-03-09T14:15:32.896Z] >>> [apiv2][body] POST https://upload-firebasehosting.googleapis.com/upload/sites/hyde-heritage-9df6e/versions/032828b719617c9b/files/0897259cf1923886b97b3df315df117a73522d51b521f6dcf3d5e1b697954367 [stream]
[debug] [2022-03-09T14:15:32.896Z] >>> [apiv2][query] POST https://upload-firebasehosting.googleapis.com/upload/sites/hyde-heritage-9df6e/versions/032828b719617c9b/files/eccc23dcc0eecfcbe965a4345d4b12e37e8c333a86548597890e215f72ff21da [none]
[debug] [2022-03-09T14:15:32.896Z] >>> [apiv2][body] POST https://upload-firebasehosting.googleapis.com/upload/sites/hyde-heritage-9df6e/versions/032828b719617c9b/files/eccc23dcc0eecfcbe965a4345d4b12e37e8c333a86548597890e215f72ff21da [stream]
[debug] [2022-03-09T14:15:32.897Z] >>> [apiv2][query] POST https://upload-firebasehosting.googleapis.com/upload/sites/hyde-heritage-9df6e/versions/032828b719617c9b/files/c73e31b4aacbfdd59c836b706c9eea4b91c8975359d58bbc1912cd562bb11b02 [none]
[debug] [2022-03-09T14:15:32.897Z] >>> [apiv2][body] POST https://upload-firebasehosting.googleapis.com/upload/sites/hyde-heritage-9df6e/versions/032828b719617c9b/files/c73e31b4aacbfdd59c836b706c9eea4b91c8975359d58bbc1912cd562bb11b02 [stream]
[debug] [2022-03-09T14:15:32.897Z] >>> [apiv2][query] POST https://upload-firebasehosting.googleapis.com/upload/sites/hyde-heritage-9df6e/versions/032828b719617c9b/files/38276500a301f9adae2847b0c0764ae97a3575a17374b6e3083ea37f9fe25e4a [none]
[debug] [2022-03-09T14:15:32.897Z] >>> [apiv2][body] POST https://upload-firebasehosting.googleapis.com/upload/sites/hyde-heritage-9df6e/versions/032828b719617c9b/files/38276500a301f9adae2847b0c0764ae97a3575a17374b6e3083ea37f9fe25e4a [stream]
[debug] [2022-03-09T14:15:32.898Z] >>> [apiv2][query] POST https://upload-firebasehosting.googleapis.com/upload/sites/hyde-heritage-9df6e/versions/032828b719617c9b/files/89066e41c6076bd9fd9d8da99fe50a882b1f5d54403c5cae06d42f945243a310 [none]
[debug] [2022-03-09T14:15:32.898Z] >>> [apiv2][body] POST https://upload-firebasehosting.googleapis.com/upload/sites/hyde-heritage-9df6e/versions/032828b719617c9b/files/89066e41c6076bd9fd9d8da99fe50a882b1f5d54403c5cae06d42f945243a310 [stream]
[debug] [2022-03-09T14:15:32.898Z] >>> [apiv2][query] POST https://upload-firebasehosting.googleapis.com/upload/sites/hyde-heritage-9df6e/versions/032828b719617c9b/files/6ea6d2a65eb0d6fa5f4305403136e70f7dfd353161947c53b5592a2eac4d6a87 [none]
[debug] [2022-03-09T14:15:32.898Z] >>> [apiv2][body] POST https://upload-firebasehosting.googleapis.com/upload/sites/hyde-heritage-9df6e/versions/032828b719617c9b/files/6ea6d2a65eb0d6fa5f4305403136e70f7dfd353161947c53b5592a2eac4d6a87 [stream]
[debug] [2022-03-09T14:15:32.899Z] [hosting][populate queue][FINAL] {"max":792,"min":792,"avg":792,"active":0,"complete":1,"success":1,"errored":0,"retried":0,"total":1,"elapsed":818}
[debug] [2022-03-09T14:15:32.899Z] [hosting] uploads queued: 26
[debug] [2022-03-09T14:15:35.506Z] <<< [apiv2][status] POST https://upload-firebasehosting.googleapis.com/upload/sites/hyde-heritage-9df6e/versions/032828b719617c9b/files/f0fed3c6ec19db6e8344af3c179d505cacb1e7e3300b0c85373fe4c68d6dacc8 200
[debug] [2022-03-09T14:15:35.506Z] <<< [apiv2][body] POST https://upload-firebasehosting.googleapis.com/upload/sites/hyde-heritage-9df6e/versions/032828b719617c9b/files/f0fed3c6ec19db6e8344af3c179d505cacb1e7e3300b0c85373fe4c68d6dacc8 [stream]
[debug] [2022-03-09T14:15:36.111Z] <<< [apiv2][status] POST https://upload-firebasehosting.googleapis.com/upload/sites/hyde-heritage-9df6e/versions/032828b719617c9b/files/eccc23dcc0eecfcbe965a4345d4b12e37e8c333a86548597890e215f72ff21da 200
[debug] [2022-03-09T14:15:36.111Z] <<< [apiv2][body] POST https://upload-firebasehosting.googleapis.com/upload/sites/hyde-heritage-9df6e/versions/032828b719617c9b/files/eccc23dcc0eecfcbe965a4345d4b12e37e8c333a86548597890e215f72ff21da [stream]
[debug] [2022-03-09T14:15:36.114Z] <<< [apiv2][status] POST https://upload-firebasehosting.googleapis.com/upload/sites/hyde-heritage-9df6e/versions/032828b719617c9b/files/1fee0b05d97778adee56d3ec1768cc889793ef9c4ef0f007a217812b6db231f3 200
[debug] [2022-03-09T14:15:36.114Z] <<< [apiv2][body] POST https://upload-firebasehosting.googleapis.com/upload/sites/hyde-heritage-9df6e/versions/032828b719617c9b/files/1fee0b05d97778adee56d3ec1768cc889793ef9c4ef0f007a217812b6db231f3 [stream]
[debug] [2022-03-09T14:15:36.317Z] <<< [apiv2][status] POST https://upload-firebasehosting.googleapis.com/upload/sites/hyde-heritage-9df6e/versions/032828b719617c9b/files/d78aa8ad9474c94dd77233eee8e4a4f8a03ac96a642766da548155892201edb2 200
[debug] [2022-03-09T14:15:36.318Z] <<< [apiv2][body] POST https://upload-firebasehosting.googleapis.com/upload/sites/hyde-heritage-9df6e/versions/032828b719617c9b/files/d78aa8ad9474c94dd77233eee8e4a4f8a03ac96a642766da548155892201edb2 [stream]
[debug] [2022-03-09T14:15:36.902Z] <<< [apiv2][status] POST https://upload-firebasehosting.googleapis.com/upload/sites/hyde-heritage-9df6e/versions/032828b719617c9b/files/7f714330d384a4b506ed546ed1d63030006d55680cc5d03dc2ee020235886b85 200
[debug] [2022-03-09T14:15:36.903Z] <<< [apiv2][body] POST https://upload-firebasehosting.googleapis.com/upload/sites/hyde-heritage-9df6e/versions/032828b719617c9b/files/7f714330d384a4b506ed546ed1d63030006d55680cc5d03dc2ee020235886b85 [stream]
[debug] [2022-03-09T14:15:37.068Z] <<< [apiv2][status] POST https://upload-firebasehosting.googleapis.com/upload/sites/hyde-heritage-9df6e/versions/032828b719617c9b/files/a3101dbda9cdf1b46e640928493f62914855a87306e258b2a1b12f68e74a3ab4 200
[debug] [2022-03-09T14:15:37.068Z] <<< [apiv2][body] POST https://upload-firebasehosting.googleapis.com/upload/sites/hyde-heritage-9df6e/versions/032828b719617c9b/files/a3101dbda9cdf1b46e640928493f62914855a87306e258b2a1b12f68e74a3ab4 [stream]
[debug] [2022-03-09T14:15:37.084Z] <<< [apiv2][status] POST https://upload-firebasehosting.googleapis.com/upload/sites/hyde-heritage-9df6e/versions/032828b719617c9b/files/d3474c0fb05ee4215452f04ca1f57e0f2eff0b2e307982fd97bf585d74f9d877 200
[debug] [2022-03-09T14:15:37.085Z] <<< [apiv2][body] POST https://upload-firebasehosting.googleapis.com/upload/sites/hyde-heritage-9df6e/versions/032828b719617c9b/files/d3474c0fb05ee4215452f04ca1f57e0f2eff0b2e307982fd97bf585d74f9d877 [stream]
[debug] [2022-03-09T14:15:37.128Z] <<< [apiv2][status] POST https://upload-firebasehosting.googleapis.com/upload/sites/hyde-heritage-9df6e/versions/032828b719617c9b/files/460fbbd13099b7c8875453d911e24214e332c777c3afbc96edaf83e03d672bcc 200
[debug] [2022-03-09T14:15:37.129Z] <<< [apiv2][body] POST https://upload-firebasehosting.googleapis.com/upload/sites/hyde-heritage-9df6e/versions/032828b719617c9b/files/460fbbd13099b7c8875453d911e24214e332c777c3afbc96edaf83e03d672bcc [stream]
[debug] [2022-03-09T14:15:37.180Z] <<< [apiv2][status] POST https://upload-firebasehosting.googleapis.com/upload/sites/hyde-heritage-9df6e/versions/032828b719617c9b/files/553bcdac2b29c1c840783d30ae44ff331d257ff65ffa5136247d8ca0c5733108 200
[debug] [2022-03-09T14:15:37.180Z] <<< [apiv2][body] POST https://upload-firebasehosting.googleapis.com/upload/sites/hyde-heritage-9df6e/versions/032828b719617c9b/files/553bcdac2b29c1c840783d30ae44ff331d257ff65ffa5136247d8ca0c5733108 [stream]
[debug] [2022-03-09T14:15:37.306Z] <<< [apiv2][status] POST https://upload-firebasehosting.googleapis.com/upload/sites/hyde-heritage-9df6e/versions/032828b719617c9b/files/93cee1399f92562718eaca372b19e30a1261b3451cb71091bc51da9adeee0367 200
[debug] [2022-03-09T14:15:37.306Z] <<< [apiv2][body] POST https://upload-firebasehosting.googleapis.com/upload/sites/hyde-heritage-9df6e/versions/032828b719617c9b/files/93cee1399f92562718eaca372b19e30a1261b3451cb71091bc51da9adeee0367 [stream]
[debug] [2022-03-09T14:15:38.072Z] <<< [apiv2][status] POST https://upload-firebasehosting.googleapis.com/upload/sites/hyde-heritage-9df6e/versions/032828b719617c9b/files/6ea6d2a65eb0d6fa5f4305403136e70f7dfd353161947c53b5592a2eac4d6a87 200
[debug] [2022-03-09T14:15:38.073Z] <<< [apiv2][body] POST https://upload-firebasehosting.googleapis.com/upload/sites/hyde-heritage-9df6e/versions/032828b719617c9b/files/6ea6d2a65eb0d6fa5f4305403136e70f7dfd353161947c53b5592a2eac4d6a87 [stream]
[debug] [2022-03-09T14:15:38.210Z] <<< [apiv2][status] POST https://upload-firebasehosting.googleapis.com/upload/sites/hyde-heritage-9df6e/versions/032828b719617c9b/files/0897259cf1923886b97b3df315df117a73522d51b521f6dcf3d5e1b697954367 200
[debug] [2022-03-09T14:15:38.211Z] <<< [apiv2][body] POST https://upload-firebasehosting.googleapis.com/upload/sites/hyde-heritage-9df6e/versions/032828b719617c9b/files/0897259cf1923886b97b3df315df117a73522d51b521f6dcf3d5e1b697954367 [stream]
[debug] [2022-03-09T14:15:39.945Z] <<< [apiv2][status] POST https://upload-firebasehosting.googleapis.com/upload/sites/hyde-heritage-9df6e/versions/032828b719617c9b/files/79eddde923d4025cc43552707bc1e703e98eb83426270e79ac91271d243711fb 200
[debug] [2022-03-09T14:15:39.946Z] <<< [apiv2][body] POST https://upload-firebasehosting.googleapis.com/upload/sites/hyde-heritage-9df6e/versions/032828b719617c9b/files/79eddde923d4025cc43552707bc1e703e98eb83426270e79ac91271d243711fb [stream]
[debug] [2022-03-09T14:15:40.714Z] <<< [apiv2][status] POST https://upload-firebasehosting.googleapis.com/upload/sites/hyde-heritage-9df6e/versions/032828b719617c9b/files/9c309817c58b974c705e052f586462e909d7d9dad271831ade69736662dea46d 200
[debug] [2022-03-09T14:15:40.714Z] <<< [apiv2][body] POST https://upload-firebasehosting.googleapis.com/upload/sites/hyde-heritage-9df6e/versions/032828b719617c9b/files/9c309817c58b974c705e052f586462e909d7d9dad271831ade69736662dea46d [stream]
[debug] [2022-03-09T14:15:40.840Z] <<< [apiv2][status] POST https://upload-firebasehosting.googleapis.com/upload/sites/hyde-heritage-9df6e/versions/032828b719617c9b/files/5ba964a8a6d6c1352a255558b23e3dae1a8ee169536c936b9614c64985aac147 200
[debug] [2022-03-09T14:15:40.841Z] <<< [apiv2][body] POST https://upload-firebasehosting.googleapis.com/upload/sites/hyde-heritage-9df6e/versions/032828b719617c9b/files/5ba964a8a6d6c1352a255558b23e3dae1a8ee169536c936b9614c64985aac147 [stream]
[debug] [2022-03-09T14:15:41.140Z] <<< [apiv2][status] POST https://upload-firebasehosting.googleapis.com/upload/sites/hyde-heritage-9df6e/versions/032828b719617c9b/files/622ae1028d164bb0da8c01e1d695b11c9678f2765125ff88a06ce040a1470dab 200
[debug] [2022-03-09T14:15:41.141Z] <<< [apiv2][body] POST https://upload-firebasehosting.googleapis.com/upload/sites/hyde-heritage-9df6e/versions/032828b719617c9b/files/622ae1028d164bb0da8c01e1d695b11c9678f2765125ff88a06ce040a1470dab [stream]
[debug] [2022-03-09T14:15:41.190Z] <<< [apiv2][status] POST https://upload-firebasehosting.googleapis.com/upload/sites/hyde-heritage-9df6e/versions/032828b719617c9b/files/c73e31b4aacbfdd59c836b706c9eea4b91c8975359d58bbc1912cd562bb11b02 200
[debug] [2022-03-09T14:15:41.190Z] <<< [apiv2][body] POST https://upload-firebasehosting.googleapis.com/upload/sites/hyde-heritage-9df6e/versions/032828b719617c9b/files/c73e31b4aacbfdd59c836b706c9eea4b91c8975359d58bbc1912cd562bb11b02 [stream]
[debug] [2022-03-09T14:15:44.475Z] <<< [apiv2][status] POST https://upload-firebasehosting.googleapis.com/upload/sites/hyde-heritage-9df6e/versions/032828b719617c9b/files/89066e41c6076bd9fd9d8da99fe50a882b1f5d54403c5cae06d42f945243a310 200
[debug] [2022-03-09T14:15:44.475Z] <<< [apiv2][body] POST https://upload-firebasehosting.googleapis.com/upload/sites/hyde-heritage-9df6e/versions/032828b719617c9b/files/89066e41c6076bd9fd9d8da99fe50a882b1f5d54403c5cae06d42f945243a310 [stream]
[debug] [2022-03-09T14:15:44.865Z] <<< [apiv2][status] POST https://upload-firebasehosting.googleapis.com/upload/sites/hyde-heritage-9df6e/versions/032828b719617c9b/files/873606aceb0d0bf7845a65e814a9bd317a6617fb1cc2acbc8de7b7c112faeee8 200
[debug] [2022-03-09T14:15:44.865Z] <<< [apiv2][body] POST https://upload-firebasehosting.googleapis.com/upload/sites/hyde-heritage-9df6e/versions/032828b719617c9b/files/873606aceb0d0bf7845a65e814a9bd317a6617fb1cc2acbc8de7b7c112faeee8 [stream]
[debug] [2022-03-09T14:15:46.036Z] <<< [apiv2][status] POST https://upload-firebasehosting.googleapis.com/upload/sites/hyde-heritage-9df6e/versions/032828b719617c9b/files/38276500a301f9adae2847b0c0764ae97a3575a17374b6e3083ea37f9fe25e4a 200
[debug] [2022-03-09T14:15:46.036Z] <<< [apiv2][body] POST https://upload-firebasehosting.googleapis.com/upload/sites/hyde-heritage-9df6e/versions/032828b719617c9b/files/38276500a301f9adae2847b0c0764ae97a3575a17374b6e3083ea37f9fe25e4a [stream]
[debug] [2022-03-09T14:15:46.385Z] <<< [apiv2][status] POST https://upload-firebasehosting.googleapis.com/upload/sites/hyde-heritage-9df6e/versions/032828b719617c9b/files/f09ee887776dee41d86c44a67aff51d0467cda4bec90f78079de14168f47a4a7 200
[debug] [2022-03-09T14:15:46.386Z] <<< [apiv2][body] POST https://upload-firebasehosting.googleapis.com/upload/sites/hyde-heritage-9df6e/versions/032828b719617c9b/files/f09ee887776dee41d86c44a67aff51d0467cda4bec90f78079de14168f47a4a7 [stream]
[debug] [2022-03-09T14:15:47.086Z] <<< [apiv2][status] POST https://upload-firebasehosting.googleapis.com/upload/sites/hyde-heritage-9df6e/versions/032828b719617c9b/files/51c8998e73499055d5a2df0bbda4e405e1e20cb7abb48f865560738d52369e2d 200
[debug] [2022-03-09T14:15:47.087Z] <<< [apiv2][body] POST https://upload-firebasehosting.googleapis.com/upload/sites/hyde-heritage-9df6e/versions/032828b719617c9b/files/51c8998e73499055d5a2df0bbda4e405e1e20cb7abb48f865560738d52369e2d [stream]
[debug] [2022-03-09T14:15:47.805Z] <<< [apiv2][status] POST https://upload-firebasehosting.googleapis.com/upload/sites/hyde-heritage-9df6e/versions/032828b719617c9b/files/23fcb4e5fa64b80e12c6438e102f4bcb7c652a50cb2bb69b91e107213ca59ef6 200
[debug] [2022-03-09T14:15:47.806Z] <<< [apiv2][body] POST https://upload-firebasehosting.googleapis.com/upload/sites/hyde-heritage-9df6e/versions/032828b719617c9b/files/23fcb4e5fa64b80e12c6438e102f4bcb7c652a50cb2bb69b91e107213ca59ef6 [stream]
[debug] [2022-03-09T14:15:48.715Z] <<< [apiv2][status] POST https://upload-firebasehosting.googleapis.com/upload/sites/hyde-heritage-9df6e/versions/032828b719617c9b/files/259253147c0c5614913e5d58988d36d6fb3a2504a85e7fe1971ca4c4a1b39dfe 200
[debug] [2022-03-09T14:15:48.716Z] <<< [apiv2][body] POST https://upload-firebasehosting.googleapis.com/upload/sites/hyde-heritage-9df6e/versions/032828b719617c9b/files/259253147c0c5614913e5d58988d36d6fb3a2504a85e7fe1971ca4c4a1b39dfe [stream]
